<?xml version="1.0" encoding="UTF-8"?>
<!-- Generated by org.testng.reporters.JUnitReportReporter -->
<testsuite hostname="SwapNik" failures="0" tests="1" name="test.ZerodhaForgotpageTest" time="19.749" errors="0" timestamp="2022-06-05T17:56:34 IST" skipped="0">
  <testcase classname="test.ZerodhaForgotpageTest" name="ForgotpasswordTest" time="19.749"/>
  <system-out/>
</testsuite> <!-- test.ZerodhaForgotpageTest -->
