<?xml version="1.0" encoding="UTF-8"?>
<!-- Generated by org.testng.reporters.JUnitReportReporter -->
<testsuite hostname="SwapNik" failures="0" tests="1" name="test.ZerodhapinpageTest" time="57.656" errors="0" timestamp="2022-06-09T21:51:33 IST" skipped="0">
  <testcase classname="test.ZerodhapinpageTest" name="LogintoZerodhawithPinTest" time="57.656"/>
  <system-out/>
</testsuite> <!-- test.ZerodhapinpageTest -->
