<?xml version="1.0" encoding="UTF-8"?>
<!-- Generated by org.testng.reporters.JUnitReportReporter -->
<testsuite hostname="SwapNik" failures="0" tests="1" name="test.ZerodhahomePage" time="31.279" errors="0" timestamp="2022-06-11T15:55:34 IST" skipped="0">
  <testcase classname="test.ZerodhahomePage" name="BuyingstockFromMOTest" time="31.279"/>
  <system-out/>
</testsuite> <!-- test.ZerodhahomePage -->
