<?xml version="1.0" encoding="UTF-8"?>
<!-- Generated by org.testng.reporters.JUnitReportReporter -->
<testsuite hostname="SwapNik" failures="0" tests="1" name="test.ZerodhaSignuppageTest" time="51.589" errors="0" timestamp="2022-06-09T06:37:29 IST" skipped="0">
  <testcase classname="test.ZerodhaSignuppageTest" name="Zerodhasignup" time="51.589"/>
  <system-out/>
</testsuite> <!-- test.ZerodhaSignuppageTest -->
