<?xml version="1.0" encoding="UTF-8"?>
<!-- Generated by org.testng.reporters.JUnitReportReporter -->
<testsuite hostname="SwapNik" failures="0" tests="4" name="test.ZerodhaLoginpageTest" time="146.438" errors="0" timestamp="2022-06-19T13:53:16 IST" skipped="0">
  <testcase classname="test.ZerodhaLoginpageTest" name="LoginWithValidCredentialTest" time="12.001"/>
  <system-out/>
  <testcase classname="test.ZerodhaLoginpageTest" name="signuplinkTest" time="55.361"/>
  <system-out/>
  <testcase classname="test.ZerodhaLoginpageTest" name="forgotpasswordlinkTest" time="52.855"/>
  <system-out/>
  <testcase classname="test.ZerodhaLoginpageTest" name="LoginwihoutCredentials" time="26.221"/>
  <system-out/>
</testsuite> <!-- test.ZerodhaLoginpageTest -->
